mode: set
github.com/go-portfolio/concurrency-scraper/cmd/seed/main.go:12.13,14.9 2 0
github.com/go-portfolio/concurrency-scraper/cmd/seed/main.go:14.9,15.61 1 0
github.com/go-portfolio/concurrency-scraper/cmd/seed/main.go:18.2,21.16 3 0
github.com/go-portfolio/concurrency-scraper/cmd/seed/main.go:21.16,23.3 1 0
github.com/go-portfolio/concurrency-scraper/cmd/seed/main.go:25.2,37.25 2 0
github.com/go-portfolio/concurrency-scraper/cmd/seed/main.go:37.25,39.17 2 0
github.com/go-portfolio/concurrency-scraper/cmd/seed/main.go:39.17,41.4 1 0
github.com/go-portfolio/concurrency-scraper/cmd/seed/main.go:41.9,43.4 1 0
github.com/go-portfolio/concurrency-scraper/cmd/seed/main.go:46.2,46.38 1 0
github.com/go-portfolio/concurrency-scraper/internal/config/config.go:24.32,29.6 4 0
github.com/go-portfolio/concurrency-scraper/internal/config/config.go:29.6,31.45 2 0
github.com/go-portfolio/concurrency-scraper/internal/config/config.go:31.45,32.49 1 0
github.com/go-portfolio/concurrency-scraper/internal/config/config.go:32.49,34.5 1 0
github.com/go-portfolio/concurrency-scraper/internal/config/config.go:35.4,36.9 2 0
github.com/go-portfolio/concurrency-scraper/internal/config/config.go:38.3,39.20 2 0
github.com/go-portfolio/concurrency-scraper/internal/config/config.go:39.20,40.9 1 0
github.com/go-portfolio/concurrency-scraper/internal/config/config.go:42.3,42.15 1 0
github.com/go-portfolio/concurrency-scraper/internal/config/config.go:45.2,45.12 1 0
github.com/go-portfolio/concurrency-scraper/internal/config/config.go:45.12,47.3 1 0
github.com/go-portfolio/concurrency-scraper/internal/config/config.go:49.2,57.101 8 0
github.com/go-portfolio/concurrency-scraper/internal/config/config.go:57.101,59.3 1 0
github.com/go-portfolio/concurrency-scraper/internal/config/config.go:61.2,62.16 2 0
github.com/go-portfolio/concurrency-scraper/internal/config/config.go:62.16,64.3 1 0
github.com/go-portfolio/concurrency-scraper/internal/config/config.go:65.2,68.22 3 0
github.com/go-portfolio/concurrency-scraper/internal/config/config.go:68.22,69.53 1 0
github.com/go-portfolio/concurrency-scraper/internal/config/config.go:69.53,71.4 1 0
github.com/go-portfolio/concurrency-scraper/internal/config/config.go:74.2,74.12 1 0
github.com/go-portfolio/concurrency-scraper/internal/config/config.go:77.39,80.2 1 0
github.com/go-portfolio/concurrency-scraper/cmd/scraper/main.go:15.13,17.9 2 0
github.com/go-portfolio/concurrency-scraper/cmd/scraper/main.go:17.9,18.61 1 0
github.com/go-portfolio/concurrency-scraper/cmd/scraper/main.go:21.2,28.16 4 0
github.com/go-portfolio/concurrency-scraper/cmd/scraper/main.go:28.16,30.3 1 0
github.com/go-portfolio/concurrency-scraper/cmd/scraper/main.go:33.2,41.43 4 0
github.com/go-portfolio/concurrency-scraper/cmd/scraper/main.go:41.43,43.3 1 0
github.com/go-portfolio/concurrency-scraper/internal/worker/pool.go:18.29,22.28 2 0
github.com/go-portfolio/concurrency-scraper/internal/worker/pool.go:22.28,23.13 1 0
github.com/go-portfolio/concurrency-scraper/internal/worker/pool.go:23.13,24.30 1 0
github.com/go-portfolio/concurrency-scraper/internal/worker/pool.go:24.30,27.5 2 0
github.com/go-portfolio/concurrency-scraper/internal/worker/pool.go:30.2,30.10 1 0
github.com/go-portfolio/concurrency-scraper/internal/worker/pool.go:33.36,36.2 2 0
github.com/go-portfolio/concurrency-scraper/internal/worker/pool.go:38.24,41.2 2 0
github.com/go-portfolio/concurrency-scraper/pkg/logger/logger.go:26.19,31.2 1 0
github.com/go-portfolio/concurrency-scraper/pkg/logger/logger.go:35.59,37.2 1 0
github.com/go-portfolio/concurrency-scraper/pkg/logger/logger.go:41.60,43.2 1 0
github.com/go-portfolio/concurrency-scraper/pkg/logger/mock_logger.go:6.65,6.66 0 0
github.com/go-portfolio/concurrency-scraper/pkg/logger/mock_logger.go:7.65,7.66 0 0
github.com/go-portfolio/concurrency-scraper/pkg/logger/mock_logger.go:8.65,8.66 0 0
github.com/go-portfolio/concurrency-scraper/pkg/logger/stdlogger.go:11.28,13.2 1 0
github.com/go-portfolio/concurrency-scraper/pkg/logger/stdlogger.go:15.62,17.2 1 0
github.com/go-portfolio/concurrency-scraper/pkg/logger/stdlogger.go:19.63,21.2 1 0
github.com/go-portfolio/concurrency-scraper/pkg/logger/stdlogger.go:23.63,26.2 2 0
github.com/go-portfolio/concurrency-scraper/internal/scraper/scraper.go:26.98,33.2 1 1
github.com/go-portfolio/concurrency-scraper/internal/scraper/scraper.go:36.42,40.16 3 1
github.com/go-portfolio/concurrency-scraper/internal/scraper/scraper.go:40.16,42.3 1 0
github.com/go-portfolio/concurrency-scraper/internal/scraper/scraper.go:44.2,49.12 3 1
github.com/go-portfolio/concurrency-scraper/internal/scraper/scraper.go:49.12,51.26 2 1
github.com/go-portfolio/concurrency-scraper/internal/scraper/scraper.go:51.26,53.18 2 1
github.com/go-portfolio/concurrency-scraper/internal/scraper/scraper.go:53.18,55.13 2 0
github.com/go-portfolio/concurrency-scraper/internal/scraper/scraper.go:57.4,57.57 1 1
github.com/go-portfolio/concurrency-scraper/internal/scraper/scraper.go:57.57,59.5 1 0
github.com/go-portfolio/concurrency-scraper/internal/scraper/scraper.go:59.10,61.5 1 1
github.com/go-portfolio/concurrency-scraper/internal/scraper/scraper.go:66.2,66.12 1 1
github.com/go-portfolio/concurrency-scraper/internal/scraper/scraper.go:66.12,69.26 3 1
github.com/go-portfolio/concurrency-scraper/internal/scraper/scraper.go:69.26,71.25 2 1
github.com/go-portfolio/concurrency-scraper/internal/scraper/scraper.go:71.25,73.19 2 1
github.com/go-portfolio/concurrency-scraper/internal/scraper/scraper.go:73.19,76.6 2 0
github.com/go-portfolio/concurrency-scraper/internal/scraper/scraper.go:78.5,79.19 2 1
github.com/go-portfolio/concurrency-scraper/internal/scraper/scraper.go:79.19,82.6 2 0
github.com/go-portfolio/concurrency-scraper/internal/scraper/scraper.go:84.5,86.22 3 1
github.com/go-portfolio/concurrency-scraper/internal/scraper/scraper.go:86.22,88.6 1 1
github.com/go-portfolio/concurrency-scraper/internal/scraper/scraper.go:89.5,100.6 3 1
github.com/go-portfolio/concurrency-scraper/internal/scraper/scraper.go:105.3,106.17 2 1
github.com/go-portfolio/concurrency-scraper/internal/scraper/scraper.go:109.2,110.12 2 1
github.com/go-portfolio/concurrency-scraper/internal/db/sql_db.go:16.78,21.16 3 0
github.com/go-portfolio/concurrency-scraper/internal/db/sql_db.go:21.16,23.3 1 0
github.com/go-portfolio/concurrency-scraper/internal/db/sql_db.go:24.2,24.24 1 0
github.com/go-portfolio/concurrency-scraper/internal/db/sql_db.go:29.49,31.16 2 1
github.com/go-portfolio/concurrency-scraper/internal/db/sql_db.go:31.16,33.3 1 0
github.com/go-portfolio/concurrency-scraper/internal/db/sql_db.go:34.2,37.18 3 1
github.com/go-portfolio/concurrency-scraper/internal/db/sql_db.go:37.18,39.64 2 1
github.com/go-portfolio/concurrency-scraper/internal/db/sql_db.go:39.64,41.4 1 0
github.com/go-portfolio/concurrency-scraper/internal/db/sql_db.go:42.3,42.25 1 1
github.com/go-portfolio/concurrency-scraper/internal/db/sql_db.go:44.2,44.18 1 1
github.com/go-portfolio/concurrency-scraper/internal/db/sql_db.go:47.68,55.2 3 1
github.com/go-portfolio/concurrency-scraper/internal/db/sql_db.go:57.73,69.2 2 1
github.com/go-portfolio/concurrency-scraper/internal/db/sql_db.go:71.78,74.2 2 1
github.com/go-portfolio/concurrency-scraper/internal/httpclient/client.go:19.19,25.2 1 0
github.com/go-portfolio/concurrency-scraper/internal/httpclient/client.go:27.56,29.16 2 0
github.com/go-portfolio/concurrency-scraper/internal/httpclient/client.go:29.16,31.3 1 0
github.com/go-portfolio/concurrency-scraper/internal/httpclient/client.go:32.2,35.16 3 0
github.com/go-portfolio/concurrency-scraper/internal/httpclient/client.go:35.16,37.3 1 0
github.com/go-portfolio/concurrency-scraper/internal/httpclient/client.go:38.2,38.26 1 0
